<!DOCTYPE html PUBLIC "-//W3C//DTD XHTML 1.1//EN" "http://www.w3.org/TR/xhtml11/DTD/xhtml11.dtd">
<html xmlns="http://www.w3.org/1999/xhtml">
<head>
<meta http-equiv="content-type" content="text/html; charset=UTF-8"/>
<title>TestNG Report</title>
<style type="text/css">table {margin-bottom:10px;border-collapse:collapse;empty-cells:show}th,td {border:1px solid #009;padding:.25em .5em}th {vertical-align:bottom}td {vertical-align:top}table a {font-weight:bold}.stripe td {background-color: #E6EBF9}.num {text-align:right}.passedodd td {background-color: #3F3}.passedeven td {background-color: #0A0}.skippedodd td {background-color: #DDD}.skippedeven td {background-color: #CCC}.failedodd td,.attn {background-color: #F33}.failedeven td,.stripe .attn {background-color: #D00}.stacktrace {white-space:pre;font-family:monospace}.totop {font-size:85%;text-align:center;border-bottom:2px solid #000}.invisible {display:none}</style>
</head>
<body>
<table>
<tr><th>Test</th><th># Passed</th><th># Skipped</th><th># Failed</th><th>Time (ms)</th><th>Included Groups</th><th>Excluded Groups</th></tr>
<tr><th colspan="7">Suite</th></tr>
<tr><td><a href="#t0">General Store Hybrid Test Case</a></td><td class="num">1</td><td class="num attn">2</td><td class="num">0</td><td class="num">38,839</td><td></td><td></td></tr>
<tr class="stripe"><td><a href="#t1">UI Catalog IOS Test</a></td><td class="num">1</td><td class="num attn">2</td><td class="num">0</td><td class="num">31,420</td><td></td><td></td></tr>
<tr><th>Total</th><th class="num">2</th><th class="num attn">4</th><th class="num">0</th><th class="num">70,259</th><th colspan="2"></th></tr>
</table>
<table id='summary'><thead><tr><th>Class</th><th>Method</th><th>Start</th><th>Time (ms)</th></tr></thead><tbody><tr><th colspan="4">Suite</th></tr></tbody><tbody id="t0"><tr><th colspan="4">General Store Hybrid Test Case &#8212; failed (configuration methods)</th></tr><tr class="failedeven"><td rowspan="4">org.example.Module.HybridTestCase</td><td><a href="#m0">ConfigureAppium</a></td><td rowspan="1">1727430875927</td><td rowspan="1">22351</td></tr><tr class="failedeven"><td><a href="#m1">preSetup</a></td><td rowspan="2">1727430898360</td><td rowspan="2">2</td></tr><tr class="failedeven"><td><a href="#m2">preSetup</a></td></tr><tr class="failedeven"><td><a href="#m3">tearDown</a></td><td rowspan="1">1727430898363</td><td rowspan="1">0</td></tr><tr><th colspan="4">General Store Hybrid Test Case &#8212; skipped</th></tr><tr class="skippedeven"><td rowspan="2">org.example.Module.HybridTestCase</td><td><a href="#m4">HybridAction</a></td><td rowspan="2">1727430898363</td><td rowspan="2">0</td></tr><tr class="skippedeven"><td><a href="#m5">HybridAction</a></td></tr><tr><th colspan="4">General Store Hybrid Test Case &#8212; passed</th></tr><tr class="passedeven"><td rowspan="1">org.example.Module.IOSBasicsTest</td><td><a href="#m6">BasicsTest</a></td><td rowspan="1">1727430906701</td><td rowspan="1">6968</td></tr></tbody>
<tbody id="t1"><tr><th colspan="4">UI Catalog IOS Test &#8212; failed (configuration methods)</th></tr><tr class="failedeven"><td rowspan="4">org.example.Module.HybridTestCase</td><td><a href="#m7">ConfigureAppium</a></td><td rowspan="1">1727430914944</td><td rowspan="1">20100</td></tr><tr class="failedeven"><td><a href="#m8">preSetup</a></td><td rowspan="2">1727430935048</td><td rowspan="2">0</td></tr><tr class="failedeven"><td><a href="#m9">preSetup</a></td></tr><tr class="failedeven"><td><a href="#m10">tearDown</a></td><td rowspan="1">1727430935048</td><td rowspan="1">1</td></tr><tr><th colspan="4">UI Catalog IOS Test &#8212; skipped</th></tr><tr class="skippedeven"><td rowspan="2">org.example.Module.HybridTestCase</td><td><a href="#m11">HybridAction</a></td><td rowspan="2">1727430935048</td><td rowspan="2">0</td></tr><tr class="skippedeven"><td><a href="#m12">HybridAction</a></td></tr><tr><th colspan="4">UI Catalog IOS Test &#8212; passed</th></tr><tr class="passedeven"><td rowspan="1">org.example.Module.IOSBasicsTest</td><td><a href="#m13">BasicsTest</a></td><td rowspan="1">1727430938283</td><td rowspan="1">6963</td></tr></tbody>
</table>
<h2>General Store Hybrid Test Case</h2><h3 id="m0">org.example.Module.HybridTestCase#ConfigureAppium</h3><table class="result"><tr><th>Exception</th></tr><tr><td><div class="stacktrace">org.openqa.selenium.SessionNotCreatedException: Could not start a new session. Response code 500. Message: An unknown server-side error occurred while processing the command. Original error: Could not find a connected Android device in 20000ms 
Host info: host: &apos;192.168.1.5&apos;, ip: &apos;2401:4900:889a:5449:1585:e1b5:cc32:34ae%en0&apos;
Build info: version: &apos;4.25.0&apos;, revision: &apos;8a8aea2337&apos;
System info: os.name: &apos;Mac OS X&apos;, os.arch: &apos;aarch64&apos;, os.version: &apos;14.5&apos;, java.version: &apos;20.0.2&apos;
Driver info: io.appium.java_client.android.AndroidDriver
Command: [null, newSession {capabilities=[Capabilities {appium:app: /Users/punchh_divyanshu/Des..., appium:automationName: UIAutomator2, appium:chromedriverExecutable: /Users/punchh_divyanshu/Dow..., appium:deviceName: Pixel 8 API 33 Emulator, platformName: ANDROID}]}]
Capabilities {appium:app: /Users/punchh_divyanshu/Des..., appium:automationName: UIAutomator2, appium:chromedriverExecutable: /Users/punchh_divyanshu/Dow..., appium:deviceName: Pixel 8 API 33 Emulator, platformName: ANDROID}
	at org.openqa.selenium.remote.ProtocolHandshake.createSession(ProtocolHandshake.java:114)
	at org.openqa.selenium.remote.ProtocolHandshake.createSession(ProtocolHandshake.java:75)
	at org.openqa.selenium.remote.ProtocolHandshake.createSession(ProtocolHandshake.java:61)
	at io.appium.java_client.remote.AppiumCommandExecutor.createSession(AppiumCommandExecutor.java:176)
	at io.appium.java_client.remote.AppiumCommandExecutor.execute(AppiumCommandExecutor.java:237)
	at org.openqa.selenium.remote.RemoteWebDriver.execute(RemoteWebDriver.java:545)
	at io.appium.java_client.AppiumDriver.startSession(AppiumDriver.java:270)
	at org.openqa.selenium.remote.RemoteWebDriver.&lt;init&gt;(RemoteWebDriver.java:174)
	at io.appium.java_client.AppiumDriver.&lt;init&gt;(AppiumDriver.java:91)
	at io.appium.java_client.AppiumDriver.&lt;init&gt;(AppiumDriver.java:103)
	at io.appium.java_client.android.AndroidDriver.&lt;init&gt;(AndroidDriver.java:109)
	at org.example.TestUtils.AndroidBaseTest.ConfigureAppium(AndroidBaseTest.java:85)
... Removed 28 stack frames</div></td></tr></table><p class="totop"><a href="#summary">back to summary</a></p>
<h3 id="m1">org.example.Module.HybridTestCase#preSetup</h3><table class="result"><tr><th>Exception</th></tr><tr><td><div class="stacktrace">java.lang.NullPointerException: Cannot invoke &quot;org.pageObjects.Android.FormPage.setActivity()&quot; because &quot;this.formPage&quot; is null
	at org.example.Module.HybridTestCase.preSetup(HybridTestCase.java:37)
... Removed 30 stack frames</div></td></tr></table><p class="totop"><a href="#summary">back to summary</a></p>
<h3 id="m2">org.example.Module.HybridTestCase#preSetup</h3><table class="result"><tr><th>Exception</th></tr><tr><td><div class="stacktrace">java.lang.NullPointerException: Cannot invoke &quot;org.pageObjects.Android.FormPage.setActivity()&quot; because &quot;this.formPage&quot; is null
	at org.example.Module.HybridTestCase.preSetup(HybridTestCase.java:37)
... Removed 30 stack frames</div></td></tr></table><p class="totop"><a href="#summary">back to summary</a></p>
<h3 id="m3">org.example.Module.HybridTestCase#tearDown</h3><table class="result"><tr><th>Exception</th></tr><tr><td><div class="stacktrace">java.lang.NullPointerException: Cannot invoke &quot;io.appium.java_client.android.AndroidDriver.quit()&quot; because &quot;this.driver&quot; is null
	at org.example.TestUtils.AndroidBaseTest.tearDown(AndroidBaseTest.java:97)
... Removed 28 stack frames</div></td></tr></table><p class="totop"><a href="#summary">back to summary</a></p>
<h3 id="m4">org.example.Module.HybridTestCase#HybridAction</h3><table class="result"><tr><th>Exception</th></tr><tr><td><div class="stacktrace">java.lang.NullPointerException: Cannot invoke &quot;org.pageObjects.Android.FormPage.setActivity()&quot; because &quot;this.formPage&quot; is null
	at org.example.Module.HybridTestCase.preSetup(HybridTestCase.java:37)
... Removed 30 stack frames</div></td></tr></table><p class="totop"><a href="#summary">back to summary</a></p>
<h3 id="m5">org.example.Module.HybridTestCase#HybridAction</h3><table class="result"><tr><th>Exception</th></tr><tr><td><div class="stacktrace">java.lang.NullPointerException: Cannot invoke &quot;org.pageObjects.Android.FormPage.setActivity()&quot; because &quot;this.formPage&quot; is null
	at org.example.Module.HybridTestCase.preSetup(HybridTestCase.java:37)
... Removed 30 stack frames</div></td></tr></table><p class="totop"><a href="#summary">back to summary</a></p>
<h3 id="m6">org.example.Module.IOSBasicsTest#BasicsTest</h3><table class="result"><tr><th class="invisible"/></tr></table><p class="totop"><a href="#summary">back to summary</a></p>
<h2>UI Catalog IOS Test</h2><h3 id="m7">org.example.Module.HybridTestCase#ConfigureAppium</h3><table class="result"><tr><th>Exception</th></tr><tr><td><div class="stacktrace">org.openqa.selenium.SessionNotCreatedException: Could not start a new session. Response code 500. Message: An unknown server-side error occurred while processing the command. Original error: Could not find a connected Android device in 20000ms 
Host info: host: &apos;192.168.1.5&apos;, ip: &apos;2401:4900:889a:5449:1585:e1b5:cc32:34ae%en0&apos;
Build info: version: &apos;4.25.0&apos;, revision: &apos;8a8aea2337&apos;
System info: os.name: &apos;Mac OS X&apos;, os.arch: &apos;aarch64&apos;, os.version: &apos;14.5&apos;, java.version: &apos;20.0.2&apos;
Driver info: io.appium.java_client.android.AndroidDriver
Command: [null, newSession {capabilities=[Capabilities {appium:app: /Users/punchh_divyanshu/Des..., appium:automationName: UIAutomator2, appium:chromedriverExecutable: /Users/punchh_divyanshu/Dow..., appium:deviceName: Pixel 8 API 33 Emulator, platformName: ANDROID}]}]
Capabilities {appium:app: /Users/punchh_divyanshu/Des..., appium:automationName: UIAutomator2, appium:chromedriverExecutable: /Users/punchh_divyanshu/Dow..., appium:deviceName: Pixel 8 API 33 Emulator, platformName: ANDROID}
	at org.openqa.selenium.remote.ProtocolHandshake.createSession(ProtocolHandshake.java:114)
	at org.openqa.selenium.remote.ProtocolHandshake.createSession(ProtocolHandshake.java:75)
	at org.openqa.selenium.remote.ProtocolHandshake.createSession(ProtocolHandshake.java:61)
	at io.appium.java_client.remote.AppiumCommandExecutor.createSession(AppiumCommandExecutor.java:176)
	at io.appium.java_client.remote.AppiumCommandExecutor.execute(AppiumCommandExecutor.java:237)
	at org.openqa.selenium.remote.RemoteWebDriver.execute(RemoteWebDriver.java:545)
	at io.appium.java_client.AppiumDriver.startSession(AppiumDriver.java:270)
	at org.openqa.selenium.remote.RemoteWebDriver.&lt;init&gt;(RemoteWebDriver.java:174)
	at io.appium.java_client.AppiumDriver.&lt;init&gt;(AppiumDriver.java:91)
	at io.appium.java_client.AppiumDriver.&lt;init&gt;(AppiumDriver.java:103)
	at io.appium.java_client.android.AndroidDriver.&lt;init&gt;(AndroidDriver.java:109)
	at org.example.TestUtils.AndroidBaseTest.ConfigureAppium(AndroidBaseTest.java:85)
... Removed 28 stack frames</div></td></tr></table><p class="totop"><a href="#summary">back to summary</a></p>
<h3 id="m8">org.example.Module.HybridTestCase#preSetup</h3><table class="result"><tr><th>Exception</th></tr><tr><td><div class="stacktrace">java.lang.NullPointerException: Cannot invoke &quot;org.pageObjects.Android.FormPage.setActivity()&quot; because &quot;this.formPage&quot; is null
	at org.example.Module.HybridTestCase.preSetup(HybridTestCase.java:37)
... Removed 30 stack frames</div></td></tr></table><p class="totop"><a href="#summary">back to summary</a></p>
<h3 id="m9">org.example.Module.HybridTestCase#preSetup</h3><table class="result"><tr><th>Exception</th></tr><tr><td><div class="stacktrace">java.lang.NullPointerException: Cannot invoke &quot;org.pageObjects.Android.FormPage.setActivity()&quot; because &quot;this.formPage&quot; is null
	at org.example.Module.HybridTestCase.preSetup(HybridTestCase.java:37)
... Removed 30 stack frames</div></td></tr></table><p class="totop"><a href="#summary">back to summary</a></p>
<h3 id="m10">org.example.Module.HybridTestCase#tearDown</h3><table class="result"><tr><th>Exception</th></tr><tr><td><div class="stacktrace">java.lang.NullPointerException: Cannot invoke &quot;io.appium.java_client.android.AndroidDriver.quit()&quot; because &quot;this.driver&quot; is null
	at org.example.TestUtils.AndroidBaseTest.tearDown(AndroidBaseTest.java:97)
... Removed 28 stack frames</div></td></tr></table><p class="totop"><a href="#summary">back to summary</a></p>
<h3 id="m11">org.example.Module.HybridTestCase#HybridAction</h3><table class="result"><tr><th>Exception</th></tr><tr><td><div class="stacktrace">java.lang.NullPointerException: Cannot invoke &quot;org.pageObjects.Android.FormPage.setActivity()&quot; because &quot;this.formPage&quot; is null
	at org.example.Module.HybridTestCase.preSetup(HybridTestCase.java:37)
... Removed 30 stack frames</div></td></tr></table><p class="totop"><a href="#summary">back to summary</a></p>
<h3 id="m12">org.example.Module.HybridTestCase#HybridAction</h3><table class="result"><tr><th>Exception</th></tr><tr><td><div class="stacktrace">java.lang.NullPointerException: Cannot invoke &quot;org.pageObjects.Android.FormPage.setActivity()&quot; because &quot;this.formPage&quot; is null
	at org.example.Module.HybridTestCase.preSetup(HybridTestCase.java:37)
... Removed 30 stack frames</div></td></tr></table><p class="totop"><a href="#summary">back to summary</a></p>
<h3 id="m13">org.example.Module.IOSBasicsTest#BasicsTest</h3><table class="result"><tr><th class="invisible"/></tr></table><p class="totop"><a href="#summary">back to summary</a></p>
</body>
</html>
